           _                 _    
  __ _  __| |_ __ __ _ _ __ | |_  
 / _` |/ _` | '__/ _` | '_ \| __| 
| (_| | (_| | | | (_| | | | | |_  
 \__, |\__,_|_|  \__,_|_| |_|\__| 
    |_|                           

Version: 1.11.4, build: d8b6e4a0
Access web UI at http://localhost:6333/dashboard

2024-09-26T16:21:15.664879Z  INFO storage::content_manager::consensus::persistent: Loading raft state from ./storage/raft_state.json    
2024-09-26T16:21:15.664961Z DEBUG storage::content_manager::consensus::persistent: State: Persistent { state: RaftState { hard_state: HardState { term: 0, vote: 0, commit: 0 }, conf_state: ConfState { voters: [1557345618084335], learners: [], voters_outgoing: [], learners_next: [], auto_leave: false } }, latest_snapshot_meta: SnapshotMetadataSer { term: 0, index: 0 }, apply_progress_queue: EntryApplyProgressQueue(None), peer_address_by_id: RwLock { data: {} }, peer_metadata_by_id: RwLock { data: {} }, cluster_metadata: {}, this_peer_id: 1557345618084335, path: "./storage/raft_state.json", dirty: false }    
2024-09-26T16:21:15.677268Z  INFO storage::content_manager::toc: Loading collection: default    
2024-09-26T16:21:15.743451Z  INFO collection::shards::local_shard: Recovering collection default: 0/1 (0%)    
2024-09-26T16:21:15.755291Z  INFO collection::shards::local_shard: Recovered collection default: 1/1 (100%)    
2024-09-26T16:21:15.756573Z DEBUG qdrant: Loaded collection: default    
2024-09-26T16:21:15.756584Z  INFO qdrant: Distributed mode disabled    
2024-09-26T16:21:15.756594Z  INFO qdrant: Telemetry reporting disabled    
2024-09-26T16:21:15.757013Z DEBUG qdrant: Waiting for thread web to finish    
2024-09-26T16:21:15.757313Z  WARN qdrant::actix::web_ui: Static content folder for Web UI './static' does not exist    
2024-09-26T16:21:15.757596Z  INFO qdrant::actix: TLS disabled for REST API    
2024-09-26T16:21:15.757619Z  INFO qdrant::actix: Qdrant HTTP listening on 6333    
2024-09-26T16:21:15.757626Z  INFO actix_server::builder: Starting 11 workers
2024-09-26T16:21:15.757630Z  INFO actix_server::server: Actix runtime found; starting in Actix runtime
2024-09-26T16:21:15.760268Z  INFO qdrant::tonic: Qdrant gRPC listening on 6334    
2024-09-26T16:21:15.760288Z  INFO qdrant::tonic: TLS disabled for gRPC API    
2024-09-26T16:21:25.713319Z  INFO storage::content_manager::toc::collection_meta_ops: Deleting collection default    
2024-09-26T16:21:25.716406Z DEBUG collection::update_handler: Stopping flush worker.    
2024-09-26T16:21:25.726346Z  INFO actix_web::middleware::logger: 127.0.0.1 "DELETE /collections/default HTTP/1.1" 200 48 "-" "curl/7.81.0" 0.015594    
2024-09-26T16:22:06.128739Z DEBUG storage::content_manager::snapshots::recover: Downloading snapshot from file:///home/san/gaianet/qdrant/snapshots/default/default.snapshot to /home/san/gaianet/qdrant/./snapshots/tmp/download-15aC5Z    
2024-09-26T16:22:06.128801Z DEBUG storage::content_manager::snapshots::recover: Snapshot downloaded to /home/san/gaianet/qdrant/snapshots/default/default.snapshot    
2024-09-26T16:22:06.129178Z DEBUG storage::content_manager::snapshots::recover: Recovering collection default from snapshot /home/san/gaianet/qdrant/snapshots/default/default.snapshot    
2024-09-26T16:22:06.129190Z DEBUG storage::content_manager::snapshots::recover: Unpacking snapshot to /home/san/gaianet/qdrant/./storage/tmp/col-default-recovery-DJnvUI    
2024-09-26T16:22:07.158256Z DEBUG storage::content_manager::snapshots::recover: Collection default does not exist, creating it    
2024-09-26T16:22:07.158295Z  INFO storage::content_manager::toc::collection_meta_ops: Creating collection default    
2024-09-26T16:22:07.415699Z DEBUG collection::collection: Changing shard default:0 replica state from Some(Initializing) to Active    
2024-09-26T16:22:07.415720Z DEBUG collection::shards::replica_set: Changing local shard default:0 state from Some(Initializing) to Active    
2024-09-26T16:22:07.419349Z DEBUG storage::content_manager::snapshots::recover: Recovering shard 0 from /home/san/gaianet/qdrant/./storage/tmp/col-default-recovery-DJnvUI/0    
2024-09-26T16:22:07.420533Z DEBUG collection::update_handler: Stopping flush worker.    
2024-09-26T16:22:07.581495Z  INFO collection::shards::local_shard: Recovering collection default: 0/20 (0%)    
2024-09-26T16:22:07.646637Z  INFO collection::shards::local_shard: Recovered collection default: 20/20 (100%)    
2024-09-26T16:22:07.648068Z DEBUG storage::content_manager::snapshots::recover: Activating shard 0 of collection default locally    
2024-09-26T16:22:07.648089Z DEBUG collection::collection: Changing shard default:0 replica state from Some(Active) to Active    
2024-09-26T16:22:07.648097Z DEBUG collection::shards::replica_set: Changing local shard default:0 state from Some(Active) to Active    
2024-09-26T16:22:07.652585Z  INFO actix_web::middleware::logger: 127.0.0.1 "POST /collections/default/snapshots/upload?priority=snapshot HTTP/1.1" 200 48 "-" "curl/7.81.0" 1.856158    
2024-09-26T16:22:12.677062Z DEBUG qdrant::tonic: Stopping gRPC service on SIGTERM    
2024-09-26T16:22:12.677086Z  INFO actix_server::server: SIGTERM received; starting graceful shutdown
2024-09-26T16:22:12.677157Z  INFO actix_server::worker: Shutting down idle worker
2024-09-26T16:22:12.677171Z  INFO actix_server::worker: Shutting down idle worker
2024-09-26T16:22:12.677185Z  INFO actix_server::worker: Shutting down idle worker
2024-09-26T16:22:12.677184Z DEBUG actix_server::accept: Paused accepting connections on 127.0.0.1:6333
2024-09-26T16:22:12.677207Z  INFO actix_server::worker: Shutting down idle worker
2024-09-26T16:22:12.677212Z  INFO actix_server::accept: Accept thread stopped
2024-09-26T16:22:12.677218Z  INFO actix_server::worker: Shutting down idle worker
2024-09-26T16:22:12.677235Z  INFO actix_server::worker: Shutting down idle worker
2024-09-26T16:22:12.677251Z  INFO actix_server::worker: Shutting down idle worker
2024-09-26T16:22:12.677260Z  INFO actix_server::worker: Shutting down idle worker
2024-09-26T16:22:12.677268Z  INFO actix_server::worker: Shutting down idle worker
2024-09-26T16:22:12.677449Z  INFO actix_server::worker: Shutting down idle worker
2024-09-26T16:22:12.677579Z  INFO actix_server::worker: Shutting down idle worker
2024-09-26T16:22:12.979820Z DEBUG qdrant: Waiting for thread grpc to finish    
2024-09-26T16:22:12.980303Z DEBUG collection::update_handler: Stopping flush worker.    
